2025-09-26 00:36:44,711 - TradingBot - INFO - Logging initialized - Version 3.0.0 Build 20250924001
2025-09-26 00:36:44,711 - TradingBot.Main - INFO - Trading Bot startup initiated
2025-09-26 00:36:44,711 - TradingBot.Main - INFO - Version: 3.0.0 | Build: 20250924001
2025-09-26 00:36:44,711 - TradingBot.Main - INFO - Python: 3.10.9 | packaged by Anaconda, Inc. | (main, Mar  1 2023, 18:18:15) [MSC v.1916 64 bit (AMD64)]
2025-09-26 00:36:44,711 - TradingBot.Main - INFO - Working Directory: c:\Users\Dell\tradingbot_new
2025-09-26 00:37:16,732 - numexpr.utils - INFO - NumExpr defaulting to 8 threads.
2025-09-26 00:37:17,012 - TradingBot.Main - INFO - Core trading modules imported successfully
2025-09-26 00:37:17,021 - AngelProvider - INFO - Angel One provider initialized
2025-09-26 00:37:17,021 - IntradayPaperTrader - INFO - Intraday paper trader initialized. Balance: Rs100,000.00
2025-09-26 00:37:17,021 - TradingBot.Main - INFO - Trading system components initialized successfully
2025-09-26 00:37:17,119 - TradingBot.Main - ERROR - Critical startup error
Traceback (most recent call last):
  File "c:\Users\Dell\tradingbot_new\main.py", line 518, in main
    from ui.professional_trading_ui import ProfessionalTradingUI
  File "c:\Users\Dell\tradingbot_new\ui\professional_trading_ui.py", line 640
    """Background worker for analysis - with safe UI updates"""
    ^^^^^^^^^^^^^^^^^^^^^^^^^^^^^^^^^^^^^^^^^^^^^^^^^^^^^^^^^^^
IndentationError: expected an indented block after function definition on line 639
2025-09-26 00:47:50,243 - TradingBot - INFO - Logging initialized - Version 3.0.0 Build 20250924001
2025-09-26 00:47:50,243 - TradingBot.Main - INFO - Trading Bot startup initiated
2025-09-26 00:47:50,243 - TradingBot.Main - INFO - Version: 3.0.0 | Build: 20250924001
2025-09-26 00:47:50,243 - TradingBot.Main - INFO - Python: 3.10.9 | packaged by Anaconda, Inc. | (main, Mar  1 2023, 18:18:15) [MSC v.1916 64 bit (AMD64)]
2025-09-26 00:47:50,243 - TradingBot.Main - INFO - Working Directory: c:\Users\Dell\tradingbot_new
2025-09-26 00:48:21,553 - numexpr.utils - INFO - NumExpr defaulting to 8 threads.
2025-09-26 00:48:21,851 - TradingBot.Main - INFO - Core trading modules imported successfully
2025-09-26 00:48:21,851 - AngelProvider - INFO - Angel One provider initialized
2025-09-26 00:48:21,851 - IntradayPaperTrader - INFO - Intraday paper trader initialized. Balance: Rs100,000.00
2025-09-26 00:48:21,851 - TradingBot.Main - INFO - Trading system components initialized successfully
2025-09-26 00:48:21,971 - TradingBot.Main - ERROR - Critical startup error
Traceback (most recent call last):
  File "c:\Users\Dell\tradingbot_new\main.py", line 518, in main
    from ui.professional_trading_ui import ProfessionalTradingUI
  File "c:\Users\Dell\tradingbot_new\ui\professional_trading_ui.py", line 647
    try:
    ^^^
IndentationError: expected an indented block after function definition on line 646
2025-09-26 00:57:13,071 - TradingBot - INFO - Logging initialized - Version 3.0.0 Build 20250924001
2025-09-26 00:57:13,071 - TradingBot.Main - INFO - Trading Bot startup initiated
2025-09-26 00:57:13,071 - TradingBot.Main - INFO - Version: 3.0.0 | Build: 20250924001
2025-09-26 00:57:13,071 - TradingBot.Main - INFO - Python: 3.10.9 | packaged by Anaconda, Inc. | (main, Mar  1 2023, 18:18:15) [MSC v.1916 64 bit (AMD64)]
2025-09-26 00:57:13,071 - TradingBot.Main - INFO - Working Directory: c:\Users\Dell\tradingbot_new
2025-09-26 00:57:44,491 - numexpr.utils - INFO - NumExpr defaulting to 8 threads.
2025-09-26 00:57:44,781 - TradingBot.Main - INFO - Core trading modules imported successfully
2025-09-26 00:57:44,781 - AngelProvider - INFO - Angel One provider initialized
2025-09-26 00:57:44,781 - IntradayPaperTrader - INFO - Intraday paper trader initialized. Balance: Rs100,000.00
2025-09-26 00:57:44,781 - TradingBot.Main - INFO - Trading system components initialized successfully
2025-09-26 00:57:44,930 - TradingBot.Main - ERROR - Critical startup error
Traceback (most recent call last):
  File "c:\Users\Dell\tradingbot_new\main.py", line 521, in main
    professional_ui = ProfessionalTradingUI(
  File "c:\Users\Dell\tradingbot_new\ui\professional_trading_ui.py", line 75, in __init__
    self.setup_styles()
AttributeError: 'ProfessionalTradingUI' object has no attribute 'setup_styles'
2025-09-26 01:21:14,332 - TradingBot - INFO - Logging initialized - Version 3.0.0 Build 20250924001
2025-09-26 01:21:14,332 - TradingBot.Main - INFO - Trading Bot startup initiated
2025-09-26 01:21:14,332 - TradingBot.Main - INFO - Version: 3.0.0 | Build: 20250924001
2025-09-26 01:21:14,332 - TradingBot.Main - INFO - Python: 3.10.9 | packaged by Anaconda, Inc. | (main, Mar  1 2023, 18:18:15) [MSC v.1916 64 bit (AMD64)]
2025-09-26 01:21:14,332 - TradingBot.Main - INFO - Working Directory: c:\Users\Dell\tradingbot_new
2025-09-26 01:21:46,623 - numexpr.utils - INFO - NumExpr defaulting to 8 threads.
2025-09-26 01:21:46,900 - TradingBot.Main - INFO - Core trading modules imported successfully
2025-09-26 01:21:46,903 - AngelProvider - INFO - Angel One provider initialized
2025-09-26 01:21:46,903 - IntradayPaperTrader - INFO - Intraday paper trader initialized. Balance: Rs100,000.00
2025-09-26 01:21:46,903 - TradingBot.Main - INFO - Trading system components initialized successfully
2025-09-26 01:21:47,007 - TradingBot.Main - ERROR - Critical startup error
Traceback (most recent call last):
  File "c:\Users\Dell\tradingbot_new\main.py", line 518, in main
    from ui.professional_trading_ui import ProfessionalTradingUI
  File "c:\Users\Dell\tradingbot_new\ui\professional_trading_ui.py", line 84
    """Safely update UI elements from background threads"""
    ^^^^^^^^^^^^^^^^^^^^^^^^^^^^^^^^^^^^^^^^^^^^^^^^^^^^^^^
IndentationError: expected an indented block after function definition on line 83
2025-09-26 09:38:43,848 - TradingBot - INFO - Logging initialized - Version 3.0.0 Build 20250924001
2025-09-26 09:38:43,848 - TradingBot.Main - INFO - Trading Bot startup initiated
2025-09-26 09:38:43,848 - TradingBot.Main - INFO - Version: 3.0.0 | Build: 20250924001
2025-09-26 09:38:43,848 - TradingBot.Main - INFO - Python: 3.10.9 | packaged by Anaconda, Inc. | (main, Mar  1 2023, 18:18:15) [MSC v.1916 64 bit (AMD64)]
2025-09-26 09:38:43,848 - TradingBot.Main - INFO - Working Directory: c:\Users\Dell\tradingbot_new
2025-09-26 10:10:49,425 - numexpr.utils - INFO - NumExpr defaulting to 8 threads.
2025-09-26 10:10:49,692 - TradingBot.Main - INFO - Core trading modules imported successfully
2025-09-26 10:10:49,695 - AngelProvider - INFO - Angel One provider initialized
2025-09-26 10:10:49,724 - TradingBot.Main - INFO - Trading system components initialized successfully
2025-09-26 10:10:49,804 - TradingBot.Main - ERROR - Critical startup error
Traceback (most recent call last):
  File "c:\Users\Dell\tradingbot_new\main.py", line 518, in main
    from ui.professional_trading_ui import ProfessionalTradingUI
  File "c:\Users\Dell\tradingbot_new\ui\professional_trading_ui.py", line 84
    """Safely update UI elements from background threads"""
    ^^^^^^^^^^^^^^^^^^^^^^^^^^^^^^^^^^^^^^^^^^^^^^^^^^^^^^^
IndentationError: expected an indented block after function definition on line 83
2025-09-26 11:43:34,494 - TradingBot - INFO - Logging initialized - Version 3.0.0 Build 20250924001
2025-09-26 11:43:34,494 - TradingBot.Main - INFO - Trading Bot startup initiated
2025-09-26 11:43:34,494 - TradingBot.Main - INFO - Version: 3.0.0 | Build: 20250924001
2025-09-26 11:43:34,494 - TradingBot.Main - INFO - Python: 3.10.9 | packaged by Anaconda, Inc. | (main, Mar  1 2023, 18:18:15) [MSC v.1916 64 bit (AMD64)]
2025-09-26 11:43:34,494 - TradingBot.Main - INFO - Working Directory: c:\Users\Dell\tradingbot_new
2025-09-26 11:44:07,463 - numexpr.utils - INFO - NumExpr defaulting to 8 threads.
2025-09-26 11:44:07,873 - TradingBot.Main - INFO - Core trading modules imported successfully
2025-09-26 11:44:07,873 - AngelProvider - INFO - Angel One provider initialized
2025-09-26 11:44:07,873 - TradingBot.Main - INFO - Trading system components initialized successfully
2025-09-26 11:44:08,073 - TradingBot.Main - ERROR - Critical startup error
Traceback (most recent call last):
  File "c:\Users\Dell\tradingbot_new\main.py", line 521, in main
    professional_ui = ProfessionalTradingUI(
  File "c:\Users\Dell\tradingbot_new\ui\professional_trading_ui.py", line 86, in __init__
    self.create_professional_ui()
  File "c:\Users\Dell\tradingbot_new\ui\professional_trading_ui.py", line 129, in create_professional_ui
    self.create_dashboard_tab()
  File "c:\Users\Dell\tradingbot_new\ui\professional_trading_ui.py", line 200, in create_dashboard_tab
    controls_frame = self.create_control_panel(main_container)
  File "c:\Users\Dell\tradingbot_new\ui\professional_trading_ui.py", line 225, in create_control_panel
    ("Stock Manager", self.show_stock_manager, ModernTheme.ACCENT_PURPLE),
AttributeError: 'ProfessionalTradingUI' object has no attribute 'show_stock_manager'
2025-09-26 12:18:38,115 - TradingBot - INFO - Logging initialized - Version 3.0.0 Build 20250926001
2025-09-26 12:18:38,115 - TradingBot.Main - INFO - Starting...
2025-09-26 12:18:39,052 - numexpr.utils - INFO - NumExpr defaulting to 8 threads.
2025-09-26 12:18:39,367 - AngelProvider - INFO - Angel One provider initialized
2025-09-26 12:27:35,122 - TradingBot - INFO - Logging initialized - Version 3.0.0 Build 20250926001
2025-09-26 12:27:35,122 - TradingBot.Main - INFO - Starting...
2025-09-26 12:27:35,922 - numexpr.utils - INFO - NumExpr defaulting to 8 threads.
2025-09-26 12:27:36,192 - AngelProvider - INFO - Angel One provider initialized
2025-09-26 12:29:02,312 - TradingBot - INFO - Logging initialized - Version 3.0.0 Build 20250926001
2025-09-26 12:29:02,312 - TradingBot.Main - INFO - Starting...
2025-09-26 12:29:03,131 - numexpr.utils - INFO - NumExpr defaulting to 8 threads.
2025-09-26 12:29:03,442 - AngelProvider - INFO - Angel One provider initialized
2025-09-26 16:00:12,893 - TradingBot - INFO - Logging initialized - Version 3.0.0 Build 20250926001
2025-09-26 16:00:12,893 - TradingBot.Main - INFO - Starting...
2025-09-26 16:00:14,063 - numexpr.utils - INFO - NumExpr defaulting to 8 threads.
2025-09-26 16:00:14,447 - AngelProvider - INFO - Angel One provider initialized
2025-09-26 16:00:14,447 - PaperTrader - INFO - PaperTrader initialized with balance Rs100,000.00
2025-09-26 16:18:43,495 - TradingBot - INFO - Logging initialized - Version 3.0.0 Build 20250926001
2025-09-26 16:18:43,495 - TradingBot.Main - INFO - Starting...
2025-09-26 16:18:44,575 - numexpr.utils - INFO - NumExpr defaulting to 8 threads.
2025-09-26 16:18:44,900 - AngelProvider - INFO - Angel One provider initialized
2025-09-26 16:18:44,900 - PaperTrader - INFO - PaperTrader initialized with balance Rs100,000.00
2025-09-26 16:18:45,017 - TradingBot.Main - INFO - UI constructed; entering mainloop
2025-09-26 16:55:51,306 - TradingBot.Main - INFO - Application closed
